nohup: ignoring input
Downloading 2533 books with up to 100 parallel workers
Rate limit: 8 concurrent requests, 0.3s delay per request

[2/2533] Tới Dị Giới Làm Tiểu Bạch Kiểm — 1214 chapters
[2/2533] 1214 already on disk, ~0 remaining
[1/2533] Vũ Thần Chúa Tể — 6099 chapters
[1/2533] 2946 already on disk, ~3153 remaining
[4/2533] Dược Môn Tiên Y — 1804 chapters
[4/2533] 1804 already on disk, ~0 remaining
[6/2533] Đế Chế Đại Việt — 1470 chapters
[6/2533] 1470 already on disk, ~0 remaining
[5/2533] Vạn Đạo Long Hoàng — 6015 chapters
[5/2533] 2943 already on disk, ~3072 remaining
[10/2533] Phế Vật Nghịch Thiên Tiểu Thư — 7303 chapters
[10/2533] 2974 already on disk, ~4329 remaining
[12/2533] Vạn Cổ Đệ Nhất Tông — 2008 chapters
[12/2533] 2008 already on disk, ~0 remaining
[9/2533] Tu La Võ Thần — 6601 chapters
[9/2533] 2941 already on disk, ~3660 remaining
[11/2533] Vạn Cổ Đệ Nhất Thần — 7197 chapters
[11/2533] 2935 already on disk, ~4262 remaining
[13/2533] The Gamer Hệ Thống — 1010 chapters
[13/2533] 1010 already on disk, ~0 remaining
[14/2533] Gamer Xưng Bá Dị Giới — 1056 chapters
[14/2533] 1056 already on disk, ~0 remaining
[7/2533] Mục Thần Ký — 1844 chapters
[7/2533] 1844 already on disk, ~0 remaining
[16/2533] Ma Thần Thiên Quân — 2714 chapters
[16/2533] 2714 already on disk, ~0 remaining
[19/2533] Kinh Thiên Kiếm Đế — 8279 chapters
[19/2533] 2941 already on disk, ~5338 remaining
[18/2533] Khủng Bố Sống Lại — 1604 chapters
[18/2533] 1604 already on disk, ~0 remaining
[17/2533] Phong Lưu Chân Tiên — 2049 chapters
[17/2533] 2049 already on disk, ~0 remaining
[15/2533] Tại Liêu Trai Làm Hiền Giả — 811 chapters
[15/2533] 811 already on disk, ~0 remaining
[3/2533] Thiên Y Phượng Cửu — 5272 chapters
[3/2533] 2976 already on disk, ~2296 remaining
[23/2533] Inuyasha Chi Dạ Phong Đô — 472 chapters
[23/2533] 472 already on disk, ~0 remaining
[21/2533] Kiếm Đến — 1613 chapters
[21/2533] 1613 already on disk, ~0 remaining
[8/2533] Hồng Mông Thiên Đế — 5625 chapters
[8/2533] 2941 already on disk, ~2684 remaining
[24/2533] Quỷ Bí Chi Chủ — 1412 chapters
[24/2533] 1412 already on disk, ~0 remaining
[20/2533] Thần Hồn Đan Đế — 3644 chapters
[20/2533] 2943 already on disk, ~701 remaining
[22/2533] Đại Vương Tha Mạng — 1331 chapters
[22/2533] 1331 already on disk, ~0 remaining
[25/2533] Yêu Long Cổ Đế — 7386 chapters
[25/2533] 2943 already on disk, ~4443 remaining
[27/2533] Siêu Thần Chế Tạp Sư — 786 chapters
[27/2533] 786 already on disk, ~0 remaining
[28/2533] Vô Tận Ma Diễm — 458 chapters
[28/2533] 458 already on disk, ~0 remaining
[26/2533] Vạn Tộc Chi Kiếp — 976 chapters
[26/2533] 976 already on disk, ~0 remaining
[35/2533] Thua Lỗ Thành Thủ Phủ Từ Trò Chơi — 1677 chapters
[35/2533] 1677 already on disk, ~0 remaining
[29/2533] Thế Giới Duy Nhất Pháp Sư — 1010 chapters
[29/2533] 1010 already on disk, ~0 remaining
[36/2533] Mau Xuyên Cứu Vớt Hắc Hóa Boss Nam Chính — 2911 chapters
[36/2533] 2911 already on disk, ~0 remaining
[31/2533] Ta Có Một Đám Địa Cầu Người Chơi — 2167 chapters
[31/2533] 2167 already on disk, ~0 remaining
[30/2533] Quang Minh Bất Diệt, Tín Ngưỡng Vĩnh Hằng — 914 chapters
[30/2533] 914 already on disk, ~0 remaining
[33/2533] Thần Y Như Khuynh — 2000 chapters
[33/2533] 2000 already on disk, ~0 remaining
[32/2533] Đạo Giới Thiên Hạ — 9800 chapters
[32/2533] 2938 already on disk, ~6862 remaining
[34/2533] Bạo Sủng Cuồng Thê: Thần Y Ngũ Tiểu Thư — 2311 chapters
[34/2533] 2311 already on disk, ~0 remaining
[38/2533] 99 Độ Ngọt Hôn Nhân — 3927 chapters
[38/2533] 2972 already on disk, ~955 remaining
[41/2533] Thú Tu Thành Thần — 1483 chapters
[41/2533] 1483 already on disk, ~0 remaining
[40/2533] Quỷ Vương Tuyệt Sủng — 1887 chapters
[40/2533] 1887 already on disk, ~0 remaining
[39/2533] Dị Năng Đặc Công: Quân Hỏa Hoàng Hậu — 5025 chapters
[39/2533] 2971 already on disk, ~2054 remaining
[37/2533] Nữ Đế Đánh Mặt Hằng Ngày — 1325 chapters
[37/2533] 1325 already on disk, ~0 remaining
[42/2533] Võng Du: Ta Có Thể Tiến Hóa Hết Thảy Vạn Vật — 1744 chapters
[42/2533] 1744 already on disk, ~0 remaining
[45/2533] Khoái Xuyên: Pháo Hôi Nữ Phụ Muốn Phản Công — 7241 chapters
[45/2533] 2973 already on disk, ~4268 remaining
[43/2533] Mau Xuyên: Phản Phái Chuyên Nghiệp Hộ — 812 chapters
[43/2533] 812 already on disk, ~0 remaining
[47/2533] Nhân Tổ — 822 chapters
[47/2533] 822 already on disk, ~0 remaining
[44/2533] Mau Xuyên: Pháo Hôi Nữ Xứng Nghịch Tập Ký — 4469 chapters
[44/2533] 2940 already on disk, ~1529 remaining
[46/2533] Cuộc Sống Thoái Ẩn Của Võ Lâm Chi Vương — 2436 chapters
[46/2533] 2436 already on disk, ~0 remaining
[50/2533] Cặn Bã Nam Tẩy Trắng Sổ Tay — 306 chapters
[50/2533] 306 already on disk, ~0 remaining
[49/2533] Đưa Nước Việt Vươn Tầm Thế Giới (phần 1): Khải Hoàn Nhất Lộ — 607 chapters
[49/2533] 607 already on disk, ~0 remaining
[48/2533] Đỉnh Luyện Thần Ma — 1870 chapters
[48/2533] 1870 already on disk, ~0 remaining
[54/2533] Vân Tấn Y Hương — 38 chapters
[54/2533] 38 already on disk, ~0 remaining
[53/2533] Ta Có Nữ Chính Quang Hoàn — 148 chapters
[53/2533] 148 already on disk, ~0 remaining
[52/2533] Xuyên Nhanh: Nam Thần, Có Chút Cháy! — 2656 chapters
[52/2533] 2656 already on disk, ~0 remaining
[56/2533] Đích Nữ Trùng Sinh Ký — 2286 chapters
[56/2533] 2286 already on disk, ~0 remaining
[51/2533] Nhà Có Hãn Thê Làm Sao Phá — 3249 chapters
[51/2533] 2939 already on disk, ~310 remaining
[59/2533] Đại Lão Xuyên Thành Ngược Văn Pháo Hôi — 192 chapters
[59/2533] 192 already on disk, ~0 remaining
[57/2533] Liệp Giả Thiên Hạ — 468 chapters
[57/2533] 468 already on disk, ~0 remaining
[61/2533] Thế Thân Bạch Nguyệt Quang Trở Thành Phú Bà — 52 chapters
[61/2533] 52 already on disk, ~0 remaining
[58/2533] Nam Nhân Tốt Thao Tác Chỉ Nam — 175 chapters
[58/2533] 175 already on disk, ~0 remaining
[60/2533] Siêu Cấp Nam Thần [xuyên Nhanh] — 442 chapters
[60/2533] 442 already on disk, ~0 remaining
[55/2533] Công Lược Cái Kia Tra — 240 chapters
[55/2533] 240 already on disk, ~0 remaining
[66/2533] Xuyên Nhanh Chi Nữ Phối Kiều Diễm — 155 chapters
[66/2533] 155 already on disk, ~0 remaining
[63/2533] Giám Trà Xanh Chuyên Gia Nam Chính Xuyên Nhanh — 360 chapters
[63/2533] 360 already on disk, ~0 remaining
[65/2533] Tra Nam Tẩy Trắng Chỉ Nam [xuyên Nhanh] — 249 chapters
[65/2533] 249 already on disk, ~0 remaining
[67/2533] Kiều Sủng Tiểu Thú Phi — 1148 chapters
[67/2533] 1148 already on disk, ~0 remaining
[64/2533] Ta Là Nam Chính Hắn Ca Xuyên Nhanh — 363 chapters
[64/2533] 363 already on disk, ~0 remaining
[62/2533] Mọi Người Biết Ta Là Nam Nhân Tốt — 526 chapters
[62/2533] 526 already on disk, ~0 remaining
[72/2533] Xuyên Thư Sau Nàng Thành Vạn Người Mê — 548 chapters
[72/2533] 548 already on disk, ~0 remaining
[70/2533] Nữ Chiến Thần Hắc Bao Group — 3369 chapters
[70/2533] 2944 already on disk, ~425 remaining
[71/2533] Nhà Ta Thái Tử Phi Siêu Hung — 5748 chapters
[71/2533] 2972 already on disk, ~2776 remaining
[68/2533] Biết Không? Biết Không? Ứng Là Lục Phì Hồng Sấu — 219 chapters
[68/2533] 219 already on disk, ~0 remaining
[69/2533] Hôm Nay Bắt Đầu Làm Đại Lão (xuyên Nhanh) — 198 chapters
[69/2533] 198 already on disk, ~0 remaining
[73/2533] Nông Gia Tiểu Phúc Nữ — 3516 chapters
[73/2533] 2941 already on disk, ~575 remaining
[74/2533] Xuyên Nhanh: Nữ Phối, Bình Tĩnh Một Chút — 5819 chapters
[74/2533] 2975 already on disk, ~2844 remaining
[75/2533] Nữ Phụ Không Muốn Chết — 200 chapters
[75/2533] 200 already on disk, ~0 remaining
[78/2533] Xuyên Nhanh Chi Vai Phản Diện Lại Hắc Hóa — 1167 chapters
[78/2533] 1167 already on disk, ~0 remaining
[76/2533] Nhân Vật Phản Diện Chồng Trước — 100 chapters
[76/2533] 100 already on disk, ~0 remaining
[81/2533] Tiêu Dao Lục — 1204 chapters
[81/2533] 1204 already on disk, ~0 remaining
[82/2533] Miệng Của Ảnh Hậu Từng Khai Quang — 3008 chapters
[82/2533] 2945 already on disk, ~63 remaining
[79/2533] Ta Ở Giới Giải Trí Sảng Văn Làm Cá Muối — 120 chapters
[79/2533] 120 already on disk, ~0 remaining
[80/2533] Conan Chi Ta Không Phải Xà Tinh Bệnh — 4243 chapters
[80/2533] 2932 already on disk, ~1311 remaining
[84/2533] Đại Phụng Đả Canh Nhân — 944 chapters
[84/2533] 944 already on disk, ~0 remaining
[86/2533] Tận Thế Đệ Nhất Công Hội — 38 chapters
[86/2533] 38 already on disk, ~0 remaining
[77/2533] Xuyên Nhanh Chi Sủng Ái — 397 chapters
[77/2533] 397 already on disk, ~0 remaining
[83/2533] Xuyên Nhanh Đại Lão Lại Điên Rồi — 1218 chapters
[83/2533] 1218 already on disk, ~0 remaining
[88/2533] Hoàn Khố Thiên Y — 826 chapters
[88/2533] 826 already on disk, ~0 remaining
[87/2533] Pháo Hôi Nhân Sinh [ Khoái Xuyên ] — 1973 chapters
[87/2533] 1973 already on disk, ~0 remaining
[91/2533] Hoang Hải Có Long Nữ — 1075 chapters
[91/2533] 1075 already on disk, ~0 remaining
[89/2533] Huyền Lục — 2077 chapters
[89/2533] 2077 already on disk, ~0 remaining
[92/2533] Vô Địch Gian Thương — 562 chapters
[92/2533] 562 already on disk, ~0 remaining
[85/2533] Vô Thượng Thần Đế — 6517 chapters
[85/2533] 2934 already on disk, ~3583 remaining
[94/2533] Mỗi Ngày Bị Ép Cùng Đại Lão Yêu Đương — 898 chapters
[94/2533] 898 already on disk, ~0 remaining
[93/2533] Vô Tận Trùng Sinh — 1322 chapters
[93/2533] 1322 already on disk, ~0 remaining
[95/2533] Xuyên Nhanh: Nữ Phối, Công Đức Vô Lượng — 1572 chapters
[95/2533] 1572 already on disk, ~0 remaining
[90/2533] Đế Chế Kinh Tế Mới Tại Nước Việt — 379 chapters
[90/2533] 379 already on disk, ~0 remaining
[96/2533] Ta Là Hảo Nam Nhân — 603 chapters
[96/2533] 603 already on disk, ~0 remaining
[97/2533] Bạch Nguyệt Quang Ta Không Làm — 78 chapters
[97/2533] 78 already on disk, ~0 remaining
[98/2533] Khúc Độc Hành Trong Đêm Trường Tận Thế — 2605 chapters
[98/2533] 2605 already on disk, ~0 remaining
[100/2533] Quỷ Dị Xâm Lấn — 1852 chapters
[100/2533] 1852 already on disk, ~0 remaining
[99/2533] Thành Thỏ Tinh Của Bệnh Nan Y Nam Phụ — 126 chapters
[99/2533] 126 already on disk, ~0 remaining
[54/2533] DONE: 0 saved, 38 skipped, 0 errors — 377s (0.0/s)
[86/2533] DONE: 0 saved, 38 skipped, 0 errors — 375s (0.0/s)
[101/2533] Dòng Máu Lạc Hồng — 805 chapters
[101/2533] 804 already on disk, ~1 remaining
[102/2533] Tổng Mạn: Cùng Miêu Nương Không Đơn Giản Thường Ngày — 1243 chapters
[102/2533] 1243 already on disk, ~0 remaining
[61/2533] DONE: 0 saved, 52 skipped, 0 errors — 510s (0.0/s)
[103/2533] Muốn Làm Mèo Ác Quá Khó — 170 chapters
[103/2533] 170 already on disk, ~0 remaining
[97/2533] DONE: 0 saved, 78 skipped, 0 errors — 753s (0.0/s)
[104/2533] Bạch Nhãn Lang, Ta Không Yêu Ngươi [xuyên Nhanh] — 360 chapters
[104/2533] 360 already on disk, ~0 remaining
[76/2533] DONE: 0 saved, 100 skipped, 0 errors — 938s (0.0/s)
[105/2533] Vạn Biến Hồn Đế — 3257 chapters
[105/2533] 2733 already on disk, ~524 remaining
[79/2533] DONE: 0 saved, 120 skipped, 0 errors — 1130s (0.0/s)
[106/2533] Đại Ma Vương Nuông Chiều Chỉ Nam — 1623 chapters
[106/2533] 1623 already on disk, ~0 remaining
[99/2533] DONE: 0 saved, 126 skipped, 0 errors — 1185s (0.0/s)
[107/2533] Chiến Hạm Của Ta Có Thể Thăng Cấp — 2965 chapters
[107/2533] 2812 already on disk, ~153 remaining
[53/2533] DONE: 0 saved, 148 skipped, 0 errors — 1378s (0.0/s)
[108/2533] Ta Là Tinh Chủ — 440 chapters
[108/2533] 440 already on disk, ~0 remaining
[66/2533] DONE: 0 saved, 155 skipped, 0 errors — 1431s (0.0/s)
[109/2533] Toàn Chức Nghệ Thuật Gia — 1397 chapters
[109/2533] 1397 already on disk, ~0 remaining
[58/2533] DONE: 0 saved, 175 skipped, 0 errors — 1626s (0.0/s)
[110/2533] Ta Là Anh Trai Của Nữ Phụ [xuyên Nhanh] — 176 chapters
[110/2533] 176 already on disk, ~0 remaining
[59/2533] DONE: 0 saved, 192 skipped, 0 errors — 1781s (0.0/s)
[111/2533] Ta Thật Sự Quá Đẹp — 164 chapters
[111/2533] 164 already on disk, ~0 remaining
[69/2533] DONE: 0 saved, 198 skipped, 0 errors — 1817s (0.0/s)
[112/2533] Thế Tử Thực Hung — 890 chapters
[112/2533] 890 already on disk, ~0 remaining
[75/2533] DONE: 0 saved, 200 skipped, 0 errors — 1845s (0.0/s)
[113/2533] Bé Con Xé Nát Nhân Vật Phản Diện Kịch Bản — 148 chapters
[113/2533] 148 already on disk, ~0 remaining
[68/2533] DONE: 0 saved, 219 skipped, 0 errors — 2025s (0.0/s)
[114/2533] Đại Lão Cầm Tra Nam Kịch Bản [xuyên Nhanh] — 156 chapters
[114/2533] 156 already on disk, ~0 remaining
[103/2533] DONE: 0 saved, 170 skipped, 0 errors — 1528s (0.0/s)
[115/2533] Nữ Phụ Tay Cầm Long Ngạo Thiên Kịch Bản [xuyên Nhanh] — 110 chapters
[115/2533] 110 already on disk, ~0 remaining
[55/2533] DONE: 0 saved, 240 skipped, 0 errors — 2223s (0.0/s)
[116/2533] Đập Nồi Bán Sắt Đi Học — 337 chapters
[116/2533] 337 already on disk, ~0 remaining
[65/2533] DONE: 0 saved, 249 skipped, 0 errors — 2296s (0.0/s)
[117/2533] Nhân Vật Phản Diện Cả Nhà Cải Tạo Kế Hoạch [niên Đại] — 177 chapters
[117/2533] 177 already on disk, ~0 remaining
[50/2533] DONE: 0 saved, 306 skipped, 0 errors — 2819s (0.0/s)
[118/2533] Tận Thế Nơi Đóng Quân [xây Dựng Cơ Bản] — 63 chapters
[118/2533] 63 already on disk, ~0 remaining
[115/2533] DONE: 0 saved, 110 skipped, 0 errors — 1012s (0.0/s)
[119/2533] Pháo Hôi Không Muốn Chết (xuyên Nhanh) — 210 chapters
[119/2533] 210 already on disk, ~0 remaining
[113/2533] DONE: 0 saved, 148 skipped, 0 errors — 1354s (0.0/s)
[120/2533] Công Chúa Nàng Ở Hiện Đại Tinh Quang Lộng Lẫy — 1600 chapters
[120/2533] 1600 already on disk, ~0 remaining
[110/2533] DONE: 0 saved, 176 skipped, 0 errors — 1603s (0.0/s)
[121/2533] Hùng Ca Đại Việt — 1396 chapters
[121/2533] 1395 already on disk, ~1 remaining
[111/2533] DONE: 0 saved, 164 skipped, 0 errors — 1509s (0.0/s)
[122/2533] Hải Vương [xuyên Nhanh] — 112 chapters
[122/2533] 112 already on disk, ~0 remaining
[63/2533] DONE: 0 saved, 360 skipped, 0 errors — 3308s (0.0/s)
[123/2533] Xuyên Thành Em Gái Ruột Của Khí Vận Chi Tử — 300 chapters
[123/2533] 300 already on disk, ~0 remaining
[64/2533] DONE: 0 saved, 363 skipped, 0 errors — 3338s (0.0/s)
[124/2533] Ta Ở Huyền Vũ Trên Lưng Xây Gia Viên — 4518 chapters
[124/2533] 2576 already on disk, ~1942 remaining
[118/2533] DONE: 0 saved, 63 skipped, 0 errors — 572s (0.0/s)
[125/2533] Nhân Loại Bình Thường Bình Thường Sinh Hoạt — 1333 chapters
[125/2533] 1333 already on disk, ~0 remaining
[114/2533] DONE: 0 saved, 156 skipped, 0 errors — 1443s (0.0/s)
[126/2533] Xuyên Nhanh Chi Hướng Dẫn Vả Mặt Chuyên Nghiệp — 2186 chapters
[126/2533] 2186 already on disk, ~0 remaining
[90/2533] DONE: 0 saved, 379 skipped, 0 errors — 3518s (0.0/s)
[127/2533] Nam Chính Hắc Hóa Luôn Muốn Bắt Ta — 2162 chapters
[127/2533] 2162 already on disk, ~0 remaining
[77/2533] DONE: 0 saved, 397 skipped, 0 errors — 3672s (0.0/s)
[128/2533] Xuyên Nhanh Cái Này Boss Ta Bắt — 3411 chapters
[128/2533] 2563 already on disk, ~848 remaining
[117/2533] DONE: 0 saved, 177 skipped, 0 errors — 1635s (0.0/s)
